This is pdfTeX, Version 3.14159265-2.6-1.40.18 (TeX Live 2017/Debian) (preloaded format=pdflatex 2019.8.9)  9 DEC 2019 14:32
entering extended mode
 restricted \write18 enabled.
 %&-line parsing enabled.
**"A Python Primer for Mathematics.tex"
(./A Python Primer for Mathematics.tex
LaTeX2e <2017-04-15>
Babel <3.18> and hyphenation patterns for 3 language(s) loaded.
(/usr/share/texlive/texmf-dist/tex/latex/base/report.cls
Document Class: report 2014/09/29 v1.4h Standard LaTeX document class
(/usr/share/texlive/texmf-dist/tex/latex/base/size10.clo
File: size10.clo 2014/09/29 v1.4h Standard LaTeX file (size option)
)
\c@part=\count79
\c@chapter=\count80
\c@section=\count81
\c@subsection=\count82
\c@subsubsection=\count83
\c@paragraph=\count84
\c@subparagraph=\count85
\c@figure=\count86
\c@table=\count87
\abovecaptionskip=\skip41
\belowcaptionskip=\skip42
\bibindent=\dimen102
)
(/usr/share/texlive/texmf-dist/tex/generic/iftex/iftex.sty
Package: iftex 2013/04/04 v0.2 Provides if(tex) conditional for PDFTeX, XeTeX, 
and LuaTeX
)
(/usr/share/texlive/texmf-dist/tex/latex/base/fontenc.sty
Package: fontenc 2017/04/05 v2.0i Standard LaTeX package

(/usr/share/texlive/texmf-dist/tex/latex/base/t1enc.def
File: t1enc.def 2017/04/05 v2.0i Standard LaTeX file
LaTeX Font Info:    Redeclaring font encoding T1 on input line 48.
))
(/usr/share/texlive/texmf-dist/tex/latex/psnfss/mathpazo.sty
Package: mathpazo 2005/04/12 PSNFSS-v9.2a Palatino w/ Pazo Math (D.Puga, WaS) 
\symupright=\mathgroup4
)
(/usr/share/texlive/texmf-dist/tex/latex/graphics/graphicx.sty
Package: graphicx 2017/06/01 v1.1a Enhanced LaTeX Graphics (DPC,SPQR)

(/usr/share/texlive/texmf-dist/tex/latex/graphics/keyval.sty
Package: keyval 2014/10/28 v1.15 key=value parser (DPC)
\KV@toks@=\toks14
)
(/usr/share/texlive/texmf-dist/tex/latex/graphics/graphics.sty
Package: graphics 2017/06/25 v1.2c Standard LaTeX Graphics (DPC,SPQR)

(/usr/share/texlive/texmf-dist/tex/latex/graphics/trig.sty
Package: trig 2016/01/03 v1.10 sin cos tan (DPC)
)
(/usr/share/texlive/texmf-dist/tex/latex/graphics-cfg/graphics.cfg
File: graphics.cfg 2016/06/04 v1.11 sample graphics configuration
)
Package graphics Info: Driver file: pdftex.def on input line 99.

(/usr/share/texlive/texmf-dist/tex/latex/graphics-def/pdftex.def
File: pdftex.def 2018/01/08 v1.0l Graphics/color driver for pdftex
))
\Gin@req@height=\dimen103
\Gin@req@width=\dimen104
)
(/usr/share/texlive/texmf-dist/tex/latex/caption/caption.sty
Package: caption 2016/02/21 v3.3-144 Customizing captions (AR)

(/usr/share/texlive/texmf-dist/tex/latex/caption/caption3.sty
Package: caption3 2016/05/22 v1.7-166 caption3 kernel (AR)
Package caption3 Info: TeX engine: e-TeX on input line 67.
\captionmargin=\dimen105
\captionmargin@=\dimen106
\captionwidth=\dimen107
\caption@tempdima=\dimen108
\caption@indent=\dimen109
\caption@parindent=\dimen110
\caption@hangindent=\dimen111
)
\c@ContinuedFloat=\count88
)
(/usr/share/texlive/texmf-dist/tex/latex/adjustbox/adjustbox.sty
Package: adjustbox 2012/05/21 v1.0 Adjusting TeX boxes (trim, clip, ...)

(/usr/share/texlive/texmf-dist/tex/latex/xkeyval/xkeyval.sty
Package: xkeyval 2014/12/03 v2.7a package option processing (HA)

(/usr/share/texlive/texmf-dist/tex/generic/xkeyval/xkeyval.tex
(/usr/share/texlive/texmf-dist/tex/generic/xkeyval/xkvutils.tex
\XKV@toks=\toks15
\XKV@tempa@toks=\toks16
)
\XKV@depth=\count89
File: xkeyval.tex 2014/12/03 v2.7a key=value parser (HA)
))
(/usr/share/texlive/texmf-dist/tex/latex/adjustbox/adjcalc.sty
Package: adjcalc 2012/05/16 v1.1 Provides advanced setlength with multiple back
-ends (calc, etex, pgfmath)
)
(/usr/share/texlive/texmf-dist/tex/latex/adjustbox/trimclip.sty
Package: trimclip 2012/05/16 v1.0 Trim and clip general TeX material

(/usr/share/texlive/texmf-dist/tex/latex/collectbox/collectbox.sty
Package: collectbox 2012/05/17 v0.4b Collect macro arguments as boxes
\collectedbox=\box26
)
\tc@llx=\dimen112
\tc@lly=\dimen113
\tc@urx=\dimen114
\tc@ury=\dimen115
Package trimclip Info: Using driver 'tc-pdftex.def'.

(/usr/share/texlive/texmf-dist/tex/latex/adjustbox/tc-pdftex.def
File: tc-pdftex.def 2012/05/13 v1.0 Clipping driver for pdftex
))
\adjbox@Width=\dimen116
\adjbox@Height=\dimen117
\adjbox@Depth=\dimen118
\adjbox@Totalheight=\dimen119

(/usr/share/texlive/texmf-dist/tex/latex/ifoddpage/ifoddpage.sty
Package: ifoddpage 2016/04/23 v1.1 Conditionals for odd/even page detection
\c@checkoddpage=\count90
)
(/usr/share/texlive/texmf-dist/tex/latex/varwidth/varwidth.sty
Package: varwidth 2009/03/30 ver 0.92;  Variable-width minipages
\@vwid@box=\box27
\sift@deathcycles=\count91
\@vwid@loff=\dimen120
\@vwid@roff=\dimen121
))
(/usr/share/texlive/texmf-dist/tex/latex/float/float.sty
Package: float 2001/11/08 v1.3d Float enhancements (AL)
\c@float@type=\count92
\float@exts=\toks17
\float@box=\box28
\@float@everytoks=\toks18
\@floatcapt=\box29
)
(/usr/share/texlive/texmf-dist/tex/latex/xcolor/xcolor.sty
Package: xcolor 2016/05/11 v2.12 LaTeX color extensions (UK)

(/usr/share/texlive/texmf-dist/tex/latex/graphics-cfg/color.cfg
File: color.cfg 2016/01/02 v1.6 sample color configuration
)
Package xcolor Info: Driver file: pdftex.def on input line 225.
Package xcolor Info: Model `cmy' substituted by `cmy0' on input line 1348.
Package xcolor Info: Model `hsb' substituted by `rgb' on input line 1352.
Package xcolor Info: Model `RGB' extended on input line 1364.
Package xcolor Info: Model `HTML' substituted by `rgb' on input line 1366.
Package xcolor Info: Model `Hsb' substituted by `hsb' on input line 1367.
Package xcolor Info: Model `tHsb' substituted by `hsb' on input line 1368.
Package xcolor Info: Model `HSB' substituted by `hsb' on input line 1369.
Package xcolor Info: Model `Gray' substituted by `gray' on input line 1370.
Package xcolor Info: Model `wave' substituted by `hsb' on input line 1371.
)
(/usr/share/texlive/texmf-dist/tex/latex/tools/enumerate.sty
Package: enumerate 2015/07/23 v3.00 enumerate extensions (DPC)
\@enLab=\toks19
)
(/usr/share/texlive/texmf-dist/tex/latex/geometry/geometry.sty
Package: geometry 2010/09/12 v5.6 Page Geometry

(/usr/share/texlive/texmf-dist/tex/generic/oberdiek/ifpdf.sty
Package: ifpdf 2017/03/15 v3.2 Provides the ifpdf switch
)
(/usr/share/texlive/texmf-dist/tex/generic/oberdiek/ifvtex.sty
Package: ifvtex 2016/05/16 v1.6 Detect VTeX and its facilities (HO)
Package ifvtex Info: VTeX not detected.
)
(/usr/share/texlive/texmf-dist/tex/generic/ifxetex/ifxetex.sty
Package: ifxetex 2010/09/12 v0.6 Provides ifxetex conditional
)
\Gm@cnth=\count93
\Gm@cntv=\count94
\c@Gm@tempcnt=\count95
\Gm@bindingoffset=\dimen122
\Gm@wd@mp=\dimen123
\Gm@odd@mp=\dimen124
\Gm@even@mp=\dimen125
\Gm@layoutwidth=\dimen126
\Gm@layoutheight=\dimen127
\Gm@layouthoffset=\dimen128
\Gm@layoutvoffset=\dimen129
\Gm@dimlist=\toks20
)
(/usr/share/texlive/texmf-dist/tex/latex/amsmath/amsmath.sty
Package: amsmath 2017/09/02 v2.17a AMS math features
\@mathmargin=\skip43

For additional information on amsmath, use the `?' option.
(/usr/share/texlive/texmf-dist/tex/latex/amsmath/amstext.sty
Package: amstext 2000/06/29 v2.01 AMS text

(/usr/share/texlive/texmf-dist/tex/latex/amsmath/amsgen.sty
File: amsgen.sty 1999/11/30 v2.0 generic functions
\@emptytoks=\toks21
\ex@=\dimen130
))
(/usr/share/texlive/texmf-dist/tex/latex/amsmath/amsbsy.sty
Package: amsbsy 1999/11/29 v1.2d Bold Symbols
\pmbraise@=\dimen131
)
(/usr/share/texlive/texmf-dist/tex/latex/amsmath/amsopn.sty
Package: amsopn 2016/03/08 v2.02 operator names
)
\inf@bad=\count96
LaTeX Info: Redefining \frac on input line 213.
\uproot@=\count97
\leftroot@=\count98
LaTeX Info: Redefining \overline on input line 375.
\classnum@=\count99
\DOTSCASE@=\count100
LaTeX Info: Redefining \ldots on input line 472.
LaTeX Info: Redefining \dots on input line 475.
LaTeX Info: Redefining \cdots on input line 596.
\Mathstrutbox@=\box30
\strutbox@=\box31
\big@size=\dimen132
LaTeX Font Info:    Redeclaring font encoding OML on input line 712.
LaTeX Font Info:    Redeclaring font encoding OMS on input line 713.
\macc@depth=\count101
\c@MaxMatrixCols=\count102
\dotsspace@=\muskip10
\c@parentequation=\count103
\dspbrk@lvl=\count104
\tag@help=\toks22
\row@=\count105
\column@=\count106
\maxfields@=\count107
\andhelp@=\toks23
\eqnshift@=\dimen133
\alignsep@=\dimen134
\tagshift@=\dimen135
\tagwidth@=\dimen136
\totwidth@=\dimen137
\lineht@=\dimen138
\@envbody=\toks24
\multlinegap=\skip44
\multlinetaggap=\skip45
\mathdisplay@stack=\toks25
LaTeX Info: Redefining \[ on input line 2817.
LaTeX Info: Redefining \] on input line 2818.
)
(/usr/share/texlive/texmf-dist/tex/latex/amsfonts/amssymb.sty
Package: amssymb 2013/01/14 v3.01 AMS font symbols

(/usr/share/texlive/texmf-dist/tex/latex/amsfonts/amsfonts.sty
Package: amsfonts 2013/01/14 v3.01 Basic AMSFonts support
\symAMSa=\mathgroup5
\symAMSb=\mathgroup6
LaTeX Font Info:    Overwriting math alphabet `\mathfrak' in version `bold'
(Font)                  U/euf/m/n --> U/euf/b/n on input line 106.
))
(/usr/share/texlive/texmf-dist/tex/latex/base/textcomp.sty
Package: textcomp 2017/04/05 v2.0i Standard LaTeX package
Package textcomp Info: Sub-encoding information:
(textcomp)               5 = only ISO-Adobe without \textcurrency
(textcomp)               4 = 5 + \texteuro
(textcomp)               3 = 4 + \textohm
(textcomp)               2 = 3 + \textestimated + \textcurrency
(textcomp)               1 = TS1 - \textcircled - \t
(textcomp)               0 = TS1 (full)
(textcomp)             Font families with sub-encoding setting implement
(textcomp)             only a restricted character set as indicated.
(textcomp)             Family '?' is the default used for unknown fonts.
(textcomp)             See the documentation for details.
Package textcomp Info: Setting ? sub-encoding to TS1/1 on input line 79.

(/usr/share/texlive/texmf-dist/tex/latex/base/ts1enc.def
File: ts1enc.def 2001/06/05 v3.0e (jk/car/fm) Standard LaTeX file
)
LaTeX Info: Redefining \oldstylenums on input line 334.
Package textcomp Info: Setting cmr sub-encoding to TS1/0 on input line 349.
Package textcomp Info: Setting cmss sub-encoding to TS1/0 on input line 350.
Package textcomp Info: Setting cmtt sub-encoding to TS1/0 on input line 351.
Package textcomp Info: Setting cmvtt sub-encoding to TS1/0 on input line 352.
Package textcomp Info: Setting cmbr sub-encoding to TS1/0 on input line 353.
Package textcomp Info: Setting cmtl sub-encoding to TS1/0 on input line 354.
Package textcomp Info: Setting ccr sub-encoding to TS1/0 on input line 355.
Package textcomp Info: Setting ptm sub-encoding to TS1/4 on input line 356.
Package textcomp Info: Setting pcr sub-encoding to TS1/4 on input line 357.
Package textcomp Info: Setting phv sub-encoding to TS1/4 on input line 358.
Package textcomp Info: Setting ppl sub-encoding to TS1/3 on input line 359.
Package textcomp Info: Setting pag sub-encoding to TS1/4 on input line 360.
Package textcomp Info: Setting pbk sub-encoding to TS1/4 on input line 361.
Package textcomp Info: Setting pnc sub-encoding to TS1/4 on input line 362.
Package textcomp Info: Setting pzc sub-encoding to TS1/4 on input line 363.
Package textcomp Info: Setting bch sub-encoding to TS1/4 on input line 364.
Package textcomp Info: Setting put sub-encoding to TS1/5 on input line 365.
Package textcomp Info: Setting uag sub-encoding to TS1/5 on input line 366.
Package textcomp Info: Setting ugq sub-encoding to TS1/5 on input line 367.
Package textcomp Info: Setting ul8 sub-encoding to TS1/4 on input line 368.
Package textcomp Info: Setting ul9 sub-encoding to TS1/4 on input line 369.
Package textcomp Info: Setting augie sub-encoding to TS1/5 on input line 370.
Package textcomp Info: Setting dayrom sub-encoding to TS1/3 on input line 371.
Package textcomp Info: Setting dayroms sub-encoding to TS1/3 on input line 372.

Package textcomp Info: Setting pxr sub-encoding to TS1/0 on input line 373.
Package textcomp Info: Setting pxss sub-encoding to TS1/0 on input line 374.
Package textcomp Info: Setting pxtt sub-encoding to TS1/0 on input line 375.
Package textcomp Info: Setting txr sub-encoding to TS1/0 on input line 376.
Package textcomp Info: Setting txss sub-encoding to TS1/0 on input line 377.
Package textcomp Info: Setting txtt sub-encoding to TS1/0 on input line 378.
Package textcomp Info: Setting lmr sub-encoding to TS1/0 on input line 379.
Package textcomp Info: Setting lmdh sub-encoding to TS1/0 on input line 380.
Package textcomp Info: Setting lmss sub-encoding to TS1/0 on input line 381.
Package textcomp Info: Setting lmssq sub-encoding to TS1/0 on input line 382.
Package textcomp Info: Setting lmvtt sub-encoding to TS1/0 on input line 383.
Package textcomp Info: Setting lmtt sub-encoding to TS1/0 on input line 384.
Package textcomp Info: Setting qhv sub-encoding to TS1/0 on input line 385.
Package textcomp Info: Setting qag sub-encoding to TS1/0 on input line 386.
Package textcomp Info: Setting qbk sub-encoding to TS1/0 on input line 387.
Package textcomp Info: Setting qcr sub-encoding to TS1/0 on input line 388.
Package textcomp Info: Setting qcs sub-encoding to TS1/0 on input line 389.
Package textcomp Info: Setting qpl sub-encoding to TS1/0 on input line 390.
Package textcomp Info: Setting qtm sub-encoding to TS1/0 on input line 391.
Package textcomp Info: Setting qzc sub-encoding to TS1/0 on input line 392.
Package textcomp Info: Setting qhvc sub-encoding to TS1/0 on input line 393.
Package textcomp Info: Setting futs sub-encoding to TS1/4 on input line 394.
Package textcomp Info: Setting futx sub-encoding to TS1/4 on input line 395.
Package textcomp Info: Setting futj sub-encoding to TS1/4 on input line 396.
Package textcomp Info: Setting hlh sub-encoding to TS1/3 on input line 397.
Package textcomp Info: Setting hls sub-encoding to TS1/3 on input line 398.
Package textcomp Info: Setting hlst sub-encoding to TS1/3 on input line 399.
Package textcomp Info: Setting hlct sub-encoding to TS1/5 on input line 400.
Package textcomp Info: Setting hlx sub-encoding to TS1/5 on input line 401.
Package textcomp Info: Setting hlce sub-encoding to TS1/5 on input line 402.
Package textcomp Info: Setting hlcn sub-encoding to TS1/5 on input line 403.
Package textcomp Info: Setting hlcw sub-encoding to TS1/5 on input line 404.
Package textcomp Info: Setting hlcf sub-encoding to TS1/5 on input line 405.
Package textcomp Info: Setting pplx sub-encoding to TS1/3 on input line 406.
Package textcomp Info: Setting pplj sub-encoding to TS1/3 on input line 407.
Package textcomp Info: Setting ptmx sub-encoding to TS1/4 on input line 408.
Package textcomp Info: Setting ptmj sub-encoding to TS1/4 on input line 409.
)
(/usr/share/texlive/texmf-dist/tex/latex/upquote/upquote.sty
Package: upquote 2012/04/19 v1.3 upright-quote and grave-accent glyphs in verba
tim
)
(/usr/share/texlive/texmf-dist/tex/latex/eurosym/eurosym.sty
Package: eurosym 1998/08/06 v1.1 European currency symbol ``Euro''
\@eurobox=\box32
)
(/usr/share/texlive/texmf-dist/tex/latex/ucs/ucs.sty
Package: ucs 2013/05/11 v2.2 UCS: Unicode input support

(/usr/share/texlive/texmf-dist/tex/latex/ucs/data/uni-global.def
File: uni-global.def 2013/05/13 UCS: Unicode global data
)
\uc@secondtry=\count108
\uc@combtoks=\toks26
\uc@combtoksb=\toks27
\uc@temptokena=\toks28
)
(/usr/share/texlive/texmf-dist/tex/latex/fancyvrb/fancyvrb.sty
Package: fancyvrb 2008/02/07

Style option: `fancyvrb' v2.7a, with DG/SPQR fixes, and firstline=lastline fix 
<2008/02/07> (tvz)
\FV@CodeLineNo=\count109
\FV@InFile=\read1
\FV@TabBox=\box33
\c@FancyVerbLine=\count110
\FV@StepNumber=\count111
\FV@OutFile=\write3
)
(/usr/share/texlive/texmf-dist/tex/latex/oberdiek/grffile.sty
Package: grffile 2017/06/30 v1.18 Extended file name support for graphics (HO)

(/usr/share/texlive/texmf-dist/tex/latex/oberdiek/kvoptions.sty
Package: kvoptions 2016/05/16 v3.12 Key value format for package options (HO)

(/usr/share/texlive/texmf-dist/tex/generic/oberdiek/ltxcmds.sty
Package: ltxcmds 2016/05/16 v1.23 LaTeX kernel commands for general use (HO)
)
(/usr/share/texlive/texmf-dist/tex/generic/oberdiek/kvsetkeys.sty
Package: kvsetkeys 2016/05/16 v1.17 Key value parser (HO)

(/usr/share/texlive/texmf-dist/tex/generic/oberdiek/infwarerr.sty
Package: infwarerr 2016/05/16 v1.4 Providing info/warning/error messages (HO)
)
(/usr/share/texlive/texmf-dist/tex/generic/oberdiek/etexcmds.sty
Package: etexcmds 2016/05/16 v1.6 Avoid name clashes with e-TeX commands (HO)

(/usr/share/texlive/texmf-dist/tex/generic/oberdiek/ifluatex.sty
Package: ifluatex 2016/05/16 v1.4 Provides the ifluatex switch (HO)
Package ifluatex Info: LuaTeX not detected.
)
Package etexcmds Info: Could not find \expanded.
(etexcmds)             That can mean that you are not using pdfTeX 1.50 or
(etexcmds)             that some package has redefined \expanded.
(etexcmds)             In the latter case, load this package earlier.
)))
(/usr/share/texlive/texmf-dist/tex/generic/oberdiek/pdftexcmds.sty
Package: pdftexcmds 2018/01/21 v0.26 Utility functions of pdfTeX for LuaTeX (HO
)
Package pdftexcmds Info: LuaTeX not detected.
Package pdftexcmds Info: \pdf@primitive is available.
Package pdftexcmds Info: \pdf@ifprimitive is available.
Package pdftexcmds Info: \pdfdraftmode found.
)
Package grffile Info: Option `multidot' is set to `true'.
Package grffile Info: Option `extendedchars' is set to `false'.
Package grffile Info: Option `space' is set to `true'.
Package grffile Info: \Gin@ii of package `graphicx' fixed on input line 494.
)
(/usr/share/texlive/texmf-dist/tex/latex/hyperref/hyperref.sty
Package: hyperref 2018/02/06 v6.86b Hypertext links for LaTeX

(/usr/share/texlive/texmf-dist/tex/generic/oberdiek/hobsub-hyperref.sty
Package: hobsub-hyperref 2016/05/16 v1.14 Bundle oberdiek, subset hyperref (HO)


(/usr/share/texlive/texmf-dist/tex/generic/oberdiek/hobsub-generic.sty
Package: hobsub-generic 2016/05/16 v1.14 Bundle oberdiek, subset generic (HO)
Package: hobsub 2016/05/16 v1.14 Construct package bundles (HO)
Package hobsub Info: Skipping package `infwarerr' (already loaded).
Package hobsub Info: Skipping package `ltxcmds' (already loaded).
Package hobsub Info: Skipping package `ifluatex' (already loaded).
Package hobsub Info: Skipping package `ifvtex' (already loaded).
Package: intcalc 2016/05/16 v1.2 Expandable calculations with integers (HO)
Package hobsub Info: Skipping package `ifpdf' (already loaded).
Package hobsub Info: Skipping package `etexcmds' (already loaded).
Package hobsub Info: Skipping package `kvsetkeys' (already loaded).
Package: kvdefinekeys 2016/05/16 v1.4 Define keys (HO)
Package hobsub Info: Skipping package `pdftexcmds' (already loaded).
Package: pdfescape 2016/05/16 v1.14 Implements pdfTeX's escape features (HO)
Package: bigintcalc 2016/05/16 v1.4 Expandable calculations on big integers (HO
)
Package: bitset 2016/05/16 v1.2 Handle bit-vector datatype (HO)
Package: uniquecounter 2016/05/16 v1.3 Provide unlimited unique counter (HO)
)
Package hobsub Info: Skipping package `hobsub' (already loaded).
Package: letltxmacro 2016/05/16 v1.5 Let assignment for LaTeX macros (HO)
Package: hopatch 2016/05/16 v1.3 Wrapper for package hooks (HO)
Package: xcolor-patch 2016/05/16 xcolor patch
Package: atveryend 2016/05/16 v1.9 Hooks at the very end of document (HO)
Package atveryend Info: \enddocument detected (standard20110627).
Package: atbegshi 2016/06/09 v1.18 At begin shipout hook (HO)
Package: refcount 2016/05/16 v3.5 Data extraction from label references (HO)
Package: hycolor 2016/05/16 v1.8 Color options for hyperref/bookmark (HO)
)
(/usr/share/texlive/texmf-dist/tex/latex/oberdiek/auxhook.sty
Package: auxhook 2016/05/16 v1.4 Hooks for auxiliary files (HO)
)
\@linkdim=\dimen139
\Hy@linkcounter=\count112
\Hy@pagecounter=\count113

(/usr/share/texlive/texmf-dist/tex/latex/hyperref/pd1enc.def
File: pd1enc.def 2018/02/06 v6.86b Hyperref: PDFDocEncoding definition (HO)
)
\Hy@SavedSpaceFactor=\count114

(/usr/share/texlive/texmf-dist/tex/latex/latexconfig/hyperref.cfg
File: hyperref.cfg 2002/06/06 v1.2 hyperref configuration of TeXLive
)
Package hyperref Info: Hyper figures OFF on input line 4509.
Package hyperref Info: Link nesting OFF on input line 4514.
Package hyperref Info: Hyper index ON on input line 4517.
Package hyperref Info: Plain pages OFF on input line 4524.
Package hyperref Info: Backreferencing OFF on input line 4529.
Package hyperref Info: Implicit mode ON; LaTeX internals redefined.
Package hyperref Info: Bookmarks ON on input line 4762.
\c@Hy@tempcnt=\count115

(/usr/share/texlive/texmf-dist/tex/latex/url/url.sty
\Urlmuskip=\muskip11
Package: url 2013/09/16  ver 3.4  Verb mode for urls, etc.
)
LaTeX Info: Redefining \url on input line 5115.
\XeTeXLinkMargin=\dimen140
\Fld@menulength=\count116
\Field@Width=\dimen141
\Fld@charsize=\dimen142
Package hyperref Info: Hyper figures OFF on input line 6369.
Package hyperref Info: Link nesting OFF on input line 6374.
Package hyperref Info: Hyper index ON on input line 6377.
Package hyperref Info: backreferencing OFF on input line 6384.
Package hyperref Info: Link coloring OFF on input line 6389.
Package hyperref Info: Link coloring with OCG OFF on input line 6394.
Package hyperref Info: PDF/A mode OFF on input line 6399.
LaTeX Info: Redefining \ref on input line 6439.
LaTeX Info: Redefining \pageref on input line 6443.
\Hy@abspage=\count117
\c@Item=\count118
\c@Hfootnote=\count119
)
Package hyperref Info: Driver (autodetected): hpdftex.

(/usr/share/texlive/texmf-dist/tex/latex/hyperref/hpdftex.def
File: hpdftex.def 2018/02/06 v6.86b Hyperref driver for pdfTeX
\Fld@listcount=\count120
\c@bookmark@seq@number=\count121

(/usr/share/texlive/texmf-dist/tex/latex/oberdiek/rerunfilecheck.sty
Package: rerunfilecheck 2016/05/16 v1.8 Rerun checks for auxiliary files (HO)
Package uniquecounter Info: New unique counter `rerunfilecheck' on input line 2
82.
)
\Hy@SectionHShift=\skip46
)
(/usr/share/texlive/texmf-dist/tex/latex/titling/titling.sty
Package: titling 2009/09/04 v2.1d maketitle typesetting
\thanksmarkwidth=\skip47
\thanksmargin=\skip48
\droptitle=\skip49
)
(/usr/share/texlive/texmf-dist/tex/latex/tools/longtable.sty
Package: longtable 2014/10/28 v4.11 Multi-page Table package (DPC)
\LTleft=\skip50
\LTright=\skip51
\LTpre=\skip52
\LTpost=\skip53
\LTchunksize=\count122
\LTcapwidth=\dimen143
\LT@head=\box34
\LT@firsthead=\box35
\LT@foot=\box36
\LT@lastfoot=\box37
\LT@cols=\count123
\LT@rows=\count124
\c@LT@tables=\count125
\c@LT@chunks=\count126
\LT@p@ftn=\toks29
)
(/usr/share/texlive/texmf-dist/tex/latex/booktabs/booktabs.sty
Package: booktabs 2016/04/27 v1.618033 publication quality tables
\heavyrulewidth=\dimen144
\lightrulewidth=\dimen145
\cmidrulewidth=\dimen146
\belowrulesep=\dimen147
\belowbottomsep=\dimen148
\aboverulesep=\dimen149
\abovetopsep=\dimen150
\cmidrulesep=\dimen151
\cmidrulekern=\dimen152
\defaultaddspace=\dimen153
\@cmidla=\count127
\@cmidlb=\count128
\@aboverulesep=\dimen154
\@belowrulesep=\dimen155
\@thisruleclass=\count129
\@lastruleclass=\count130
\@thisrulewidth=\dimen156
)
(/usr/share/texlive/texmf-dist/tex/latex/enumitem/enumitem.sty
Package: enumitem 2011/09/28 v3.5.2 Customized lists
\labelindent=\skip54
\enit@outerparindent=\dimen157
\enit@toks=\toks30
\enit@inbox=\box38
\enitdp@description=\count131
)
(/usr/share/texlive/texmf-dist/tex/generic/ulem/ulem.sty
\UL@box=\box39
\UL@hyphenbox=\box40
\UL@skip=\skip55
\UL@hook=\toks31
\UL@height=\dimen158
\UL@pe=\count132
\UL@pixel=\dimen159
\ULC@box=\box41
Package: ulem 2012/05/18
\ULdepth=\dimen160
)
(/usr/share/texlive/texmf-dist/tex/latex/jknapltx/mathrsfs.sty
Package: mathrsfs 1996/01/01 Math RSFS package v1.0 (jk)
\symrsfs=\mathgroup7
)
Package hyperref Info: Option `breaklinks' set `true' on input line 282.
Package hyperref Info: Option `colorlinks' set `true' on input line 282.

(./A Python Primer for Mathematics.aux)
\openout1 = `"A Python Primer for Mathematics.aux"'.

LaTeX Font Info:    Checking defaults for OML/cmm/m/it on input line 289.
LaTeX Font Info:    ... okay on input line 289.
LaTeX Font Info:    Checking defaults for T1/cmr/m/n on input line 289.
LaTeX Font Info:    ... okay on input line 289.
LaTeX Font Info:    Checking defaults for OT1/cmr/m/n on input line 289.
LaTeX Font Info:    ... okay on input line 289.
LaTeX Font Info:    Checking defaults for OMS/cmsy/m/n on input line 289.
LaTeX Font Info:    ... okay on input line 289.
LaTeX Font Info:    Checking defaults for OMX/cmex/m/n on input line 289.
LaTeX Font Info:    ... okay on input line 289.
LaTeX Font Info:    Checking defaults for U/cmr/m/n on input line 289.
LaTeX Font Info:    ... okay on input line 289.
LaTeX Font Info:    Checking defaults for TS1/cmr/m/n on input line 289.
LaTeX Font Info:    Try loading font information for TS1+cmr on input line 289.


(/usr/share/texlive/texmf-dist/tex/latex/base/ts1cmr.fd
File: ts1cmr.fd 2014/09/29 v2.5h Standard LaTeX font definitions
)
LaTeX Font Info:    ... okay on input line 289.
LaTeX Font Info:    Checking defaults for PD1/pdf/m/n on input line 289.
LaTeX Font Info:    ... okay on input line 289.
LaTeX Font Info:    Try loading font information for T1+ppl on input line 289.

(/usr/share/texlive/texmf-dist/tex/latex/psnfss/t1ppl.fd
File: t1ppl.fd 2001/06/04 font definitions for T1/ppl.
)
(/usr/share/texlive/texmf-dist/tex/context/base/mkii/supp-pdf.mkii
[Loading MPS to PDF converter (version 2006.09.02).]
\scratchcounter=\count133
\scratchdimen=\dimen161
\scratchbox=\box42
\nofMPsegments=\count134
\nofMParguments=\count135
\everyMPshowfont=\toks32
\MPscratchCnt=\count136
\MPscratchDim=\dimen162
\MPnumerator=\count137
\makeMPintoPDFobject=\count138
\everyMPtoPDFconversion=\toks33
) (/usr/share/texlive/texmf-dist/tex/latex/oberdiek/epstopdf-base.sty
Package: epstopdf-base 2016/05/15 v2.6 Base part for package epstopdf

(/usr/share/texlive/texmf-dist/tex/latex/oberdiek/grfext.sty
Package: grfext 2016/05/16 v1.2 Manage graphics extensions (HO)
)
Package epstopdf-base Info: Redefining graphics rule for `.eps' on input line 4
38.
Package grfext Info: Graphics extension search list:
(grfext)             [.pdf,.png,.jpg,.mps,.jpeg,.jbig2,.jb2,.PDF,.PNG,.JPG,.JPE
G,.JBIG2,.JB2,.eps]
(grfext)             \AppendGraphicsExtensions on input line 456.

(/usr/share/texlive/texmf-dist/tex/latex/latexconfig/epstopdf-sys.cfg
File: epstopdf-sys.cfg 2010/07/13 v1.3 Configuration of (r)epstopdf for TeX Liv
e
))
Package caption Info: Begin \AtBeginDocument code.
Package caption Info: float package is loaded.
Package caption Info: hyperref package is loaded.
Package caption Info: longtable package is loaded.

(/usr/share/texlive/texmf-dist/tex/latex/caption/ltcaption.sty
Package: ltcaption 2013/06/09 v1.4-94 longtable captions (AR)
)
Package caption Info: End \AtBeginDocument code.

*geometry* driver: auto-detecting
*geometry* detected driver: pdftex

Package geometry Warning: The marginal notes overrun the paper.
     Add 3.73001pt and more to the right margin.

*geometry* verbose mode - [ preamble ] result:
* driver: pdftex
* paper: <default>
* layout: <same size as paper>
* layoutoffset:(h,v)=(0.0pt,0.0pt)
* modes: 
* h-part:(L,W,R)=(72.26999pt, 469.75502pt, 72.26999pt)
* v-part:(T,H,B)=(72.26999pt, 650.43001pt, 72.26999pt)
* \paperwidth=614.295pt
* \paperheight=794.96999pt
* \textwidth=469.75502pt
* \textheight=650.43001pt
* \oddsidemargin=0.0pt
* \evensidemargin=0.0pt
* \topmargin=-37.0pt
* \headheight=12.0pt
* \headsep=25.0pt
* \topskip=10.0pt
* \footskip=30.0pt
* \marginparwidth=65.0pt
* \marginparsep=11.0pt
* \columnsep=10.0pt
* \skip\footins=9.0pt plus 4.0pt minus 2.0pt
* \hoffset=0.0pt
* \voffset=0.0pt
* \mag=1000
* \@twocolumnfalse
* \@twosidefalse
* \@mparswitchfalse
* \@reversemarginfalse
* (1in=72.27pt=25.4mm, 1cm=28.453pt)

(/usr/share/texlive/texmf-dist/tex/latex/ucs/ucsencs.def
File: ucsencs.def 2011/01/21 Fixes to fontencodings LGR, T3
)
\AtBeginShipoutBox=\box43
Package hyperref Info: Link coloring ON on input line 289.

(/usr/share/texlive/texmf-dist/tex/latex/hyperref/nameref.sty
Package: nameref 2016/05/21 v2.44 Cross-referencing by name of section

(/usr/share/texlive/texmf-dist/tex/generic/oberdiek/gettitlestring.sty
Package: gettitlestring 2016/05/16 v1.5 Cleanup title references (HO)
)
\c@section@level=\count139
)
LaTeX Info: Redefining \ref on input line 289.
LaTeX Info: Redefining \pageref on input line 289.
LaTeX Info: Redefining \nameref on input line 289.

(./A Python Primer for Mathematics.out) (./A Python Primer for Mathematics.out)
\@outlinefile=\write4
\openout4 = `"A Python Primer for Mathematics.out"'.

LaTeX Font Info:    Try loading font information for OT1+ppl on input line 292.

(/usr/share/texlive/texmf-dist/tex/latex/psnfss/ot1ppl.fd
File: ot1ppl.fd 2001/06/04 font definitions for OT1/ppl.
)
LaTeX Font Info:    Try loading font information for OML+zplm on input line 292
.

(/usr/share/texlive/texmf-dist/tex/latex/psnfss/omlzplm.fd
File: omlzplm.fd 2002/09/08 Fontinst v1.914 font definitions for OML/zplm.
)
LaTeX Font Info:    Try loading font information for OMS+zplm on input line 292
.

(/usr/share/texlive/texmf-dist/tex/latex/psnfss/omszplm.fd
File: omszplm.fd 2002/09/08 Fontinst v1.914 font definitions for OMS/zplm.
)
LaTeX Font Info:    Try loading font information for OMX+zplm on input line 292
.

(/usr/share/texlive/texmf-dist/tex/latex/psnfss/omxzplm.fd
File: omxzplm.fd 2002/09/08 Fontinst v1.914 font definitions for OMX/zplm.
)
LaTeX Font Info:    Try loading font information for OT1+zplm on input line 292
.

(/usr/share/texlive/texmf-dist/tex/latex/psnfss/ot1zplm.fd
File: ot1zplm.fd 2002/09/08 Fontinst v1.914 font definitions for OT1/zplm.
)
LaTeX Font Info:    Font shape `U/msa/m/n' will be
(Font)              scaled to size 12.50409pt on input line 292.
LaTeX Font Info:    Font shape `U/msa/m/n' will be
(Font)              scaled to size 9.37807pt on input line 292.
LaTeX Font Info:    Font shape `U/msa/m/n' will be
(Font)              scaled to size 7.29405pt on input line 292.
LaTeX Font Info:    Font shape `U/msb/m/n' will be
(Font)              scaled to size 12.50409pt on input line 292.
LaTeX Font Info:    Font shape `U/msb/m/n' will be
(Font)              scaled to size 9.37807pt on input line 292.
LaTeX Font Info:    Font shape `U/msb/m/n' will be
(Font)              scaled to size 7.29405pt on input line 292.
LaTeX Font Info:    Try loading font information for U+rsfs on input line 292.

(/usr/share/texlive/texmf-dist/tex/latex/jknapltx/ursfs.fd
File: ursfs.fd 1998/03/24 rsfs font definition file (jk)
)

LaTeX Warning: No \author given.

[1

{/var/lib/texmf/fonts/map/pdftex/updmap/pdftex.map}]
LaTeX Font Info:    Font shape `T1/ppl/bx/n' in size <24.88> not available
(Font)              Font shape `T1/ppl/b/n' tried instead on input line 295.

(./A Python Primer for Mathematics.toc
LaTeX Font Info:    Font shape `T1/ppl/bx/n' in size <10> not available
(Font)              Font shape `T1/ppl/b/n' tried instead on input line 1.
LaTeX Font Info:    Font shape `U/msa/m/n' will be
(Font)              scaled to size 10.42007pt on input line 3.
LaTeX Font Info:    Font shape `U/msa/m/n' will be
(Font)              scaled to size 7.91925pt on input line 3.
LaTeX Font Info:    Font shape `U/msa/m/n' will be
(Font)              scaled to size 6.25204pt on input line 3.
LaTeX Font Info:    Font shape `U/msb/m/n' will be
(Font)              scaled to size 10.42007pt on input line 3.
LaTeX Font Info:    Font shape `U/msb/m/n' will be
(Font)              scaled to size 7.91925pt on input line 3.
LaTeX Font Info:    Font shape `U/msb/m/n' will be
(Font)              scaled to size 6.25204pt on input line 3.
pdfTeX warning (ext4): destination with the same identifier (name{page.1}) has 
been already used, duplicate ignored
<to be read again> 
                   \relax 
l.38 ...mple: Checking primality}{29}{section.8.4}
                                                   [1

]
LaTeX Font Info:    Try loading font information for T1+cmtt on input line 39.

(/usr/share/texlive/texmf-dist/tex/latex/base/t1cmtt.fd
File: t1cmtt.fd 2014/09/29 v2.5h Standard LaTeX font definitions
) [2])
\tf@toc=\write5
\openout5 = `"A Python Primer for Mathematics.toc"'.

 [3]
Chapter 1.
LaTeX Font Info:    Font shape `T1/ppl/bx/n' in size <20.74> not available
(Font)              Font shape `T1/ppl/b/n' tried instead on input line 299.
[4

]
Chapter 2.
LaTeX Font Info:    Font shape `T1/ppl/bx/n' in size <14.4> not available
(Font)              Font shape `T1/ppl/b/n' tried instead on input line 337.
[5

]
LaTeX Font Info:    Font shape `T1/cmtt/bx/n' in size <10> not available
(Font)              Font shape `T1/cmtt/m/n' tried instead on input line 428.
 [6]
LaTeX Font Info:    Font shape `T1/ppl/bx/it' in size <10> not available
(Font)              Font shape `T1/ppl/b/it' tried instead on input line 439.
LaTeX Font Info:    Try loading font information for TS1+cmtt on input line 488
.
 (/usr/share/texlive/texmf-dist/tex/latex/base/ts1cmtt.fd
File: ts1cmtt.fd 2014/09/29 v2.5h Standard LaTeX font definitions
) [7]
Chapter 3.
[8

] [9] [10] [11] [12]
Chapter 4.
[13

] [14]
Chapter 5.
[15

] [16] [17] [18] [19] [20] [21] [22]
Chapter 6.
[23

] [24] [25] [26]
Chapter 7.
[27

]
Chapter 8.
[28

] [29]
LaTeX Font Info:    Font shape `T1/ppl/bx/n' in size <12> not available
(Font)              Font shape `T1/ppl/b/n' tried instead on input line 2122.
LaTeX Font Info:    Font shape `T1/cmtt/bx/n' in size <12> not available
(Font)              Font shape `T1/cmtt/m/n' tried instead on input line 2122.
 [30] [31] [32] [33]
Chapter 9.
[34

] [35] [36]
Underfull \hbox (badness 10000) in paragraph at lines 2529--2532
[]\T1/ppl/m/n/10 Therefore \T1/cmtt/m/n/10 fibonacci_recursive(1000) \T1/ppl/m/
n/10 will make (roughly) $\OT1/ppl/m/n/10 2[]$ \T1/ppl/m/n/10 calls to the func
-tion
 []


Underfull \hbox (badness 10000) in paragraph at lines 2556--2564
\T1/ppl/m/n/10 As an-other ex-am-ple of re-cur-sion we im-ple-ment the quick-so
rt al-go-rithm
 []

[37] [38]
Overfull \hbox (70.86296pt too wide) in paragraph at lines 2678--2678
[]        \T1/cmtt/m/n/10 If at your current position the person to the right i
s shorter than the person in front of you:[] 
 []


Overfull \hbox (34.12193pt too wide) in paragraph at lines 2715--2715
[]        \T1/cmtt/m/n/10 If the position-th element in L is strctly bigger tha
n (position+1)-th element in L then[] 
 []

[39] [40]
Chapter 10.
[41

] [42]
Chapter 11.
[43

]
Underfull \hbox (badness 2057) in paragraph at lines 3094--3097
[]\T1/ppl/m/n/10 To un-der-stand this last ex-am-ple, un-der-stand that tu-ples
 are com-pared lex-i-co-graph-i-cally (See
 []

[44] [45]
Chapter 12.
[46

] [47] [48]
Chapter 13.
[49

]
Chapter 14.
[50

] [51] [52]
Chapter 15.
[53

] [54]
LaTeX Font Info:    Try loading font information for U+fplmbb on input line 369
6.
 (/usr/share/texlive/texmf-dist/tex/latex/psnfss/ufplmbb.fd
File: ufplmbb.fd 2003/10/30 Fontinst v1.914 font definitions for U/fplmbb.
) [55]
Overfull \hbox (391.96765pt too wide) detected at line 3772
[]
 []

[56] [57] [58] [59]
Chapter 16.
[60

] [61] [62]
Chapter 17.
<A Python Primer for Mathematics_files/A Python Primer for Mathematics_556_0.pn
g, id=717, 376.40625pt x 252.945pt>
File: A Python Primer for Mathematics_files/A Python Primer for Mathematics_556
_0.png Graphic file (type png)
<use A Python Primer for Mathematics_files/A Python Primer for Mathematics_556_
0.png>
Package pdftex.def Info: A Python Primer for Mathematics_files/A Python Primer 
for Mathematics_556_0.png  used on input line 4228.
(pdftex.def)             Requested size: 376.40532pt x 252.94438pt.
[63

]
Underfull \hbox (badness 10000) in paragraph at lines 4230--4231

 []

<A Python Primer for Mathematics_files/A Python Primer for Mathematics_558_0.pn
g, id=723, 386.44376pt x 252.945pt>
File: A Python Primer for Mathematics_files/A Python Primer for Mathematics_558
_0.png Graphic file (type png)
<use A Python Primer for Mathematics_files/A Python Primer for Mathematics_558_
0.png>
Package pdftex.def Info: A Python Primer for Mathematics_files/A Python Primer 
for Mathematics_558_0.png  used on input line 4253.
(pdftex.def)             Requested size: 386.44281pt x 252.94438pt.
[64 <./A Python Primer for Mathematics_files/A Python Primer for Mathematics_55
6_0.png>]
Underfull \hbox (badness 10000) in paragraph at lines 4255--4256

 []

<A Python Primer for Mathematics_files/A Python Primer for Mathematics_562_0.pn
g, id=729, 376.40625pt x 252.945pt>
File: A Python Primer for Mathematics_files/A Python Primer for Mathematics_562
_0.png Graphic file (type png)
<use A Python Primer for Mathematics_files/A Python Primer for Mathematics_562_
0.png>
Package pdftex.def Info: A Python Primer for Mathematics_files/A Python Primer 
for Mathematics_562_0.png  used on input line 4285.
(pdftex.def)             Requested size: 376.40532pt x 252.94438pt.
[65 <./A Python Primer for Mathematics_files/A Python Primer for Mathematics_55
8_0.png>]
Underfull \hbox (badness 10000) in paragraph at lines 4287--4288

 []

<A Python Primer for Mathematics_files/A Python Primer for Mathematics_565_0.pn
g, id=735, 391.4625pt x 252.945pt>
File: A Python Primer for Mathematics_files/A Python Primer for Mathematics_565
_0.png Graphic file (type png)
<use A Python Primer for Mathematics_files/A Python Primer for Mathematics_565_
0.png>
Package pdftex.def Info: A Python Primer for Mathematics_files/A Python Primer 
for Mathematics_565_0.png  used on input line 4312.
(pdftex.def)             Requested size: 391.46153pt x 252.94438pt.
[66 <./A Python Primer for Mathematics_files/A Python Primer for Mathematics_56
2_0.png>]
Underfull \hbox (badness 10000) in paragraph at lines 4314--4315

 []

<A Python Primer for Mathematics_files/A Python Primer for Mathematics_568_0.pn
g, id=742, 304.13625pt x 252.945pt>
File: A Python Primer for Mathematics_files/A Python Primer for Mathematics_568
_0.png Graphic file (type png)
<use A Python Primer for Mathematics_files/A Python Primer for Mathematics_568_
0.png>
Package pdftex.def Info: A Python Primer for Mathematics_files/A Python Primer 
for Mathematics_568_0.png  used on input line 4341.
(pdftex.def)             Requested size: 304.1355pt x 252.94438pt.
[67 <./A Python Primer for Mathematics_files/A Python Primer for Mathematics_56
5_0.png>]
Underfull \hbox (badness 10000) in paragraph at lines 4343--4344

 []

<A Python Primer for Mathematics_files/A Python Primer for Mathematics_570_0.pn
g, id=748, 262.9825pt x 252.945pt>
File: A Python Primer for Mathematics_files/A Python Primer for Mathematics_570
_0.png Graphic file (type png)
<use A Python Primer for Mathematics_files/A Python Primer for Mathematics_570_
0.png>
Package pdftex.def Info: A Python Primer for Mathematics_files/A Python Primer 
for Mathematics_570_0.png  used on input line 4368.
(pdftex.def)             Requested size: 262.98184pt x 252.94438pt.
[68 <./A Python Primer for Mathematics_files/A Python Primer for Mathematics_56
8_0.png>]
Underfull \hbox (badness 10000) in paragraph at lines 4370--4371

 []

<A Python Primer for Mathematics_files/A Python Primer for Mathematics_572_0.pn
g, id=754, 615.29875pt x 526.96875pt>
File: A Python Primer for Mathematics_files/A Python Primer for Mathematics_572
_0.png Graphic file (type png)
<use A Python Primer for Mathematics_files/A Python Primer for Mathematics_572_
0.png>
Package pdftex.def Info: A Python Primer for Mathematics_files/A Python Primer 
for Mathematics_572_0.png  used on input line 4394.
(pdftex.def)             Requested size: 615.29724pt x 526.96745pt.
[69 <./A Python Primer for Mathematics_files/A Python Primer for Mathematics_57
0_0.png>]
Underfull \hbox (badness 10000) in paragraph at lines 4396--4397

 []

<A Python Primer for Mathematics_files/A Python Primer for Mathematics_575_0.pn
g, id=760, 376.40625pt x 252.945pt>
File: A Python Primer for Mathematics_files/A Python Primer for Mathematics_575
_0.png Graphic file (type png)
<use A Python Primer for Mathematics_files/A Python Primer for Mathematics_575_
0.png>
Package pdftex.def Info: A Python Primer for Mathematics_files/A Python Primer 
for Mathematics_575_0.png  used on input line 4423.
(pdftex.def)             Requested size: 376.40532pt x 252.94438pt.
[70 <./A Python Primer for Mathematics_files/A Python Primer for Mathematics_57
2_0.png>]
Underfull \hbox (badness 10000) in paragraph at lines 4425--4426

 []

<A Python Primer for Mathematics_files/A Python Primer for Mathematics_578_0.pn
g, id=766, 391.4625pt x 252.945pt>
File: A Python Primer for Mathematics_files/A Python Primer for Mathematics_578
_0.png Graphic file (type png)
<use A Python Primer for Mathematics_files/A Python Primer for Mathematics_578_
0.png>
Package pdftex.def Info: A Python Primer for Mathematics_files/A Python Primer 
for Mathematics_578_0.png  used on input line 4452.
(pdftex.def)             Requested size: 391.46153pt x 252.94438pt.
[71 <./A Python Primer for Mathematics_files/A Python Primer for Mathematics_57
5_0.png>]
Underfull \hbox (badness 10000) in paragraph at lines 4454--4455

 []

[72 <./A Python Primer for Mathematics_files/A Python Primer for Mathematics_57
8_0.png>]
Chapter 18.
<A Python Primer for Mathematics_files/A Python Primer for Mathematics_583_0.pn
g, id=778, 375.4025pt x 252.945pt>
File: A Python Primer for Mathematics_files/A Python Primer for Mathematics_583
_0.png Graphic file (type png)
<use A Python Primer for Mathematics_files/A Python Primer for Mathematics_583_
0.png>
Package pdftex.def Info: A Python Primer for Mathematics_files/A Python Primer 
for Mathematics_583_0.png  used on input line 4501.
(pdftex.def)             Requested size: 375.40158pt x 252.94438pt.
[73

]
Underfull \hbox (badness 10000) in paragraph at lines 4503--4504

 []

<A Python Primer for Mathematics_files/A Python Primer for Mathematics_588_0.pn
g, id=783, 373.395pt x 252.945pt>
File: A Python Primer for Mathematics_files/A Python Primer for Mathematics_588
_0.png Graphic file (type png)
<use A Python Primer for Mathematics_files/A Python Primer for Mathematics_588_
0.png>
Package pdftex.def Info: A Python Primer for Mathematics_files/A Python Primer 
for Mathematics_588_0.png  used on input line 4543.
(pdftex.def)             Requested size: 373.39409pt x 252.94438pt.
[74 <./A Python Primer for Mathematics_files/A Python Primer for Mathematics_58
3_0.png>]
Underfull \hbox (badness 10000) in paragraph at lines 4545--4546

 []

<A Python Primer for Mathematics_files/A Python Primer for Mathematics_592_0.pn
g, id=789, 375.4025pt x 252.945pt>
File: A Python Primer for Mathematics_files/A Python Primer for Mathematics_592
_0.png Graphic file (type png)
<use A Python Primer for Mathematics_files/A Python Primer for Mathematics_592_
0.png>
Package pdftex.def Info: A Python Primer for Mathematics_files/A Python Primer 
for Mathematics_592_0.png  used on input line 4572.
(pdftex.def)             Requested size: 375.40158pt x 252.94438pt.
[75 <./A Python Primer for Mathematics_files/A Python Primer for Mathematics_58
8_0.png>]
Underfull \hbox (badness 10000) in paragraph at lines 4574--4575

 []


Overfull \hbox (44.4524pt too wide) detected at line 4617
\OT1/ppl/m/n/10 374.39609912\OML/zplm/m/it/10 a[] \OT1/zplm/m/n/10 + \OT1/ppl/m
/n/10 295.32802\OML/zplm/m/it/10 ab \OT1/zplm/m/n/10 + \OT1/ppl/m/n/10 125.212\
OML/zplm/m/it/10 ac \OMS/zplm/m/n/10 ^^@ \OT1/ppl/m/n/10 725.80455\OML/zplm/m/i
t/10 a \OT1/zplm/m/n/10 + \OT1/ppl/m/n/10 62.606\OML/zplm/m/it/10 b[] \OT1/zplm
/m/n/10 + \OT1/ppl/m/n/10 60.64\OML/zplm/m/it/10 bc \OMS/zplm/m/n/10 ^^@ \OT1/p
pl/m/n/10 277.3806\OML/zplm/m/it/10 b \OT1/zplm/m/n/10 + \OT1/ppl/m/n/10 20.0\O
ML/zplm/m/it/10 c[] \OMS/zplm/m/n/10 ^^@ \OT1/ppl/m/n/10 112.22\OML/zplm/m/it/1
0 c \OT1/zplm/m/n/10 + \OT1/ppl/m/n/10 383.6073
 []

[76 <./A Python Primer for Mathematics_files/A Python Primer for Mathematics_59
2_0.png>]
Overfull \hbox (176.34154pt too wide) detected at line 4641
[]
 []

<A Python Primer for Mathematics_files/A Python Primer for Mathematics_606_0.pn
g, id=800, 375.4025pt x 252.945pt>
File: A Python Primer for Mathematics_files/A Python Primer for Mathematics_606
_0.png Graphic file (type png)
<use A Python Primer for Mathematics_files/A Python Primer for Mathematics_606_
0.png>
Package pdftex.def Info: A Python Primer for Mathematics_files/A Python Primer 
for Mathematics_606_0.png  used on input line 4700.
(pdftex.def)             Requested size: 375.40158pt x 252.94438pt.
[77]
Underfull \hbox (badness 10000) in paragraph at lines 4702--4703

 []

[78 <./A Python Primer for Mathematics_files/A Python Primer for Mathematics_60
6_0.png>]
Chapter 19.
<A Python Primer for Mathematics_files/A Python Primer for Mathematics_612_0.pn
g, id=811, 375.4025pt x 252.945pt>
File: A Python Primer for Mathematics_files/A Python Primer for Mathematics_612
_0.png Graphic file (type png)
<use A Python Primer for Mathematics_files/A Python Primer for Mathematics_612_
0.png>
Package pdftex.def Info: A Python Primer for Mathematics_files/A Python Primer 
for Mathematics_612_0.png  used on input line 4749.
(pdftex.def)             Requested size: 375.40158pt x 252.94438pt.
[79

]
Underfull \hbox (badness 10000) in paragraph at lines 4751--4752

 []

[80 <./A Python Primer for Mathematics_files/A Python Primer for Mathematics_61
2_0.png>]
Overfull \hbox (1495.297pt too wide) detected at line 4820
\OMS/zplm/m/n/10 ^^@\OT1/ppl/m/n/10 318.53966981043\OML/zplm/m/it/10 x[] \OT1/z
plm/m/n/10 + \OT1/ppl/m/n/10 6686.0336559197\OML/zplm/m/it/10 x[] \OMS/zplm/m/n
/10 ^^@ \OT1/ppl/m/n/10 58957.0950235226\OML/zplm/m/it/10 x[] \OT1/zplm/m/n/10 
+ \OT1/ppl/m/n/10 267908.424710235\OML/zplm/m/it/10 x[] \OMS/zplm/m/n/10 ^^@ \O
T1/ppl/m/n/10 532306.603594159\OML/zplm/m/it/10 x[] \OMS/zplm/m/n/10 ^^@ \OT1/p
pl/m/n/10 599817.583786623\OML/zplm/m/it/10 x[] \OT1/zplm/m/n/10 + \OT1/ppl/m/n
/10 5720298.84687654\OML/zplm/m/it/10 x[] \OMS/zplm/m/n/10 ^^@ \OT1/ppl/m/n/10 
8697021.46134197\OML/zplm/m/it/10 x[] \OMS/zplm/m/n/10 ^^@ \OT1/ppl/m/n/10 2557
5121.9103217\OML/zplm/m/it/10 x[] \OT1/zplm/m/n/10 + \OT1/ppl/m/n/10 156254880.
201103\OML/zplm/m/it/10 x[] \OMS/zplm/m/n/10 ^^@ \OT1/ppl/m/n/10 395305092.6540
4\OML/zplm/m/it/10 x[] \OT1/zplm/m/n/10 + \OT1/ppl/m/n/10 632806620.888263\OML/
zplm/m/it/10 x[] \OMS/zplm/m/n/10 ^^@ \OT1/ppl/m/n/10 701142367.606734\OML/zplm
/m/it/10 x[] \OT1/zplm/m/n/10 + \OT1/ppl/m/n/10 551343098.312033\OML/zplm/m/it/
10 x[] \OMS/zplm/m/n/10 ^^@ \OT1/ppl/m/n/10 306943392.361484\OML/zplm/m/it/10 x
[] \OT1/zplm/m/n/10 + \OT1/ppl/m/n/10 118340401.947435\OML/zplm/m/it/10 x[] \OM
S/zplm/m/n/10 ^^@ \OT1/ppl/m/n/10 30254757.692942\OML/zplm/m/it/10 x[] \OT1/zpl
m/m/n/10 + \OT1/ppl/m/n/10 4755226.18257813\OML/zplm/m/it/10 x[] \OMS/zplm/m/n/
10 ^^@ \OT1/ppl/m/n/10 398557.67261348\OML/zplm/m/it/10 x \OT1/zplm/m/n/10 + \O
T1/ppl/m/n/10 12591.8368556302
 []

<A Python Primer for Mathematics_files/A Python Primer for Mathematics_626_0.pn
g, id=821, 394.47375pt x 252.945pt>
File: A Python Primer for Mathematics_files/A Python Primer for Mathematics_626
_0.png Graphic file (type png)
<use A Python Primer for Mathematics_files/A Python Primer for Mathematics_626_
0.png>
Package pdftex.def Info: A Python Primer for Mathematics_files/A Python Primer 
for Mathematics_626_0.png  used on input line 4840.
(pdftex.def)             Requested size: 394.47278pt x 252.94438pt.

Underfull \hbox (badness 10000) in paragraph at lines 4842--4843

 []

[81 <./A Python Primer for Mathematics_files/A Python Primer for Mathematics_62
6_0.png>]
<A Python Primer for Mathematics_files/A Python Primer for Mathematics_628_0.pn
g, id=827, 375.4025pt x 252.945pt>
File: A Python Primer for Mathematics_files/A Python Primer for Mathematics_628
_0.png Graphic file (type png)
<use A Python Primer for Mathematics_files/A Python Primer for Mathematics_628_
0.png>
Package pdftex.def Info: A Python Primer for Mathematics_files/A Python Primer 
for Mathematics_628_0.png  used on input line 4863.
(pdftex.def)             Requested size: 375.40158pt x 252.94438pt.

Underfull \hbox (badness 10000) in paragraph at lines 4865--4866

 []

<A Python Primer for Mathematics_files/A Python Primer for Mathematics_632_0.pn
g, id=828, 375.4025pt x 252.945pt>
File: A Python Primer for Mathematics_files/A Python Primer for Mathematics_632
_0.png Graphic file (type png)
<use A Python Primer for Mathematics_files/A Python Primer for Mathematics_632_
0.png>
Package pdftex.def Info: A Python Primer for Mathematics_files/A Python Primer 
for Mathematics_632_0.png  used on input line 4897.
(pdftex.def)             Requested size: 375.40158pt x 252.94438pt.
[82 <./A Python Primer for Mathematics_files/A Python Primer for Mathematics_62
8_0.png>]
Underfull \hbox (badness 10000) in paragraph at lines 4899--4900

 []

Package atveryend Info: Empty hook `BeforeClearDocument' on input line 4920.
[83 <./A Python Primer for Mathematics_files/A Python Primer for Mathematics_63
2_0.png>]
Package atveryend Info: Empty hook `AfterLastShipout' on input line 4920.
 (./A Python Primer for Mathematics.aux)
Package atveryend Info: Executing hook `AtVeryEndDocument' on input line 4920.
Package atveryend Info: Executing hook `AtEndAfterFileList' on input line 4920.

Package rerunfilecheck Info: File `"A Python Primer for Mathematics".out' has n
ot changed.
(rerunfilecheck)             Checksum: 73DAB98D8F5EE9F77C06C4EF59574042;6162.
Package atveryend Info: Empty hook `AtVeryVeryEnd' on input line 4920.
 ) 
Here is how much of TeX's memory you used:
 11447 strings out of 494923
 175954 string characters out of 6180743
 269307 words of memory out of 5000000
 14326 multiletter control sequences out of 15000+600000
 48865 words of font info for 123 fonts, out of 8000000 for 9000
 14 hyphenation exceptions out of 8191
 36i,9n,38p,715b,464s stack positions out of 5000i,500n,10000p,200000b,80000s
 </home/miek/.texlive2017/texmf-var/fonts/pk/ljfour/jknappen/ec/ectt1200.600p
k> </home/miek/.texlive2017/texmf-var/fonts/pk/ljfour/jknappen/ec/tcit1000.600p
k> </home/miek/.texlive2017/texmf-var/fonts/pk/ljfour/jknappen/ec/ecit1000.600p
k> </home/miek/.texlive2017/texmf-var/fonts/pk/ljfour/jknappen/ec/tctt1000.600p
k>{/usr/share/texlive/texmf-dist/fonts/enc/dvips/base/8r.enc} </home/miek/.texl
ive2017/texmf-var/fonts/pk/ljfour/jknappen/ec/ectt1000.600pk></usr/share/texliv
e/texmf-dist/fonts/type1/public/amsfonts/cm/cmex10.pfb></usr/share/texlive/texm
f-dist/fonts/type1/public/amsfonts/cm/cmr10.pfb></usr/share/texlive/texmf-dist/
fonts/type1/public/amsfonts/cm/cmsy10.pfb></usr/share/texlive/texmf-dist/fonts/
type1/public/mathpazo/fplmbb.pfb></usr/share/texlive/texmf-dist/fonts/type1/pub
lic/mathpazo/fplmr.pfb></usr/share/texlive/texmf-dist/fonts/type1/public/mathpa
zo/fplmri.pfb></usr/share/texlive/texmf-dist/fonts/type1/urw/palatino/uplb8a.pf
b></usr/share/texlive/texmf-dist/fonts/type1/urw/palatino/uplbi8a.pfb></usr/sha
re/texlive/texmf-dist/fonts/type1/urw/palatino/uplr8a.pfb></usr/share/texlive/t
exmf-dist/fonts/type1/urw/palatino/uplri8a.pfb>
Output written on "A Python Primer for Mathematics.pdf" (84 pages, 424182 bytes
).
PDF statistics:
 1092 PDF objects out of 1200 (max. 8388607)
 792 compressed objects within 8 object streams
 171 named destinations out of 1000 (max. 500000)
 774 words of extra memory for PDF output out of 10000 (max. 10000000)

