\BOOKMARK [0][-]{chapter.1}{Introduction}{}% 1
\BOOKMARK [0][-]{chapter.2}{Code blocks and indentation}{}% 2
\BOOKMARK [1][-]{section.2.1}{Code blocks in C: Between \173 ... \175}{chapter.2}% 3
\BOOKMARK [1][-]{section.2.2}{Code blocks in Pascal: Between begin ... end}{chapter.2}% 4
\BOOKMARK [1][-]{section.2.3}{Code blocks in Python: Purely by indentation}{chapter.2}% 5
\BOOKMARK [1][-]{section.2.4}{The Zen of Python}{chapter.2}% 6
\BOOKMARK [0][-]{chapter.3}{Python language basics}{}% 7
\BOOKMARK [1][-]{section.3.1}{Comments}{chapter.3}% 8
\BOOKMARK [1][-]{section.3.2}{Basic calculations with numbers}{chapter.3}% 9
\BOOKMARK [1][-]{section.3.3}{Variables}{chapter.3}% 10
\BOOKMARK [1][-]{section.3.4}{Strings \(text\)}{chapter.3}% 11
\BOOKMARK [1][-]{section.3.5}{Unpacking}{chapter.3}% 12
\BOOKMARK [1][-]{section.3.6}{The print function}{chapter.3}% 13
\BOOKMARK [1][-]{section.3.7}{The str, int and float functons}{chapter.3}% 14
\BOOKMARK [1][-]{section.3.8}{Comparisons}{chapter.3}% 15
\BOOKMARK [0][-]{chapter.4}{If statements}{}% 16
\BOOKMARK [1][-]{section.4.1}{If ... statements}{chapter.4}% 17
\BOOKMARK [1][-]{section.4.2}{If ... else ... statements}{chapter.4}% 18
\BOOKMARK [1][-]{section.4.3}{If ... elif ... else ... statements}{chapter.4}% 19
\BOOKMARK [0][-]{chapter.5}{Lists}{}% 20
\BOOKMARK [1][-]{section.5.1}{Tuples}{chapter.5}% 21
\BOOKMARK [1][-]{section.5.2}{List slicing}{chapter.5}% 22
\BOOKMARK [1][-]{section.5.3}{Sorting}{chapter.5}% 23
\BOOKMARK [1][-]{section.5.4}{Zipping}{chapter.5}% 24
\BOOKMARK [1][-]{section.5.5}{Unzipping}{chapter.5}% 25
\BOOKMARK [0][-]{chapter.6}{Loops}{}% 26
\BOOKMARK [1][-]{section.6.1}{For-loops}{chapter.6}% 27
\BOOKMARK [1][-]{section.6.2}{While loops}{chapter.6}% 28
\BOOKMARK [1][-]{section.6.3}{You should loop like a Pythonista not a C-snake.}{chapter.6}% 29
\BOOKMARK [0][-]{chapter.7}{List comprehensions}{}% 30
\BOOKMARK [0][-]{chapter.8}{Functions}{}% 31
\BOOKMARK [1][-]{section.8.1}{Example: Say hello}{chapter.8}% 32
\BOOKMARK [1][-]{section.8.2}{Example: Divisible by 11}{chapter.8}% 33
\BOOKMARK [1][-]{section.8.3}{Example: The Collatz function}{chapter.8}% 34
\BOOKMARK [1][-]{section.8.4}{Recursion}{chapter.8}% 35
\BOOKMARK [2][-]{subsection.8.4.1}{Example: Fibonacci numbers}{section.8.4}% 36
\BOOKMARK [1][-]{section.8.5}{Making functions with lambda expressions}{chapter.8}% 37
\BOOKMARK [1][-]{section.8.6}{docstrings}{chapter.8}% 38
\BOOKMARK [0][-]{chapter.9}{Logical computation with the 'any' and 'all' functions}{}% 39
\BOOKMARK [1][-]{section.9.1}{A real world example: is\137prime in one line}{chapter.9}% 40
\BOOKMARK [0][-]{chapter.10}{Computing with lists}{}% 41
\BOOKMARK [1][-]{section.10.1}{sum, max, min}{chapter.10}% 42
\BOOKMARK [1][-]{section.10.2}{Computing with comprehensions: sum}{chapter.10}% 43
\BOOKMARK [1][-]{section.10.3}{Computing with comprehensions: min, max}{chapter.10}% 44
\BOOKMARK [1][-]{section.10.4}{More computing with min and max}{chapter.10}% 45
\BOOKMARK [1][-]{section.10.5}{A real world example: greatest\137common\137divisor in one line}{chapter.10}% 46
\BOOKMARK [0][-]{chapter.11}{Dictionaries}{}% 47
\BOOKMARK [0][-]{chapter.12}{Dictionary comprehensions}{}% 48
\BOOKMARK [0][-]{chapter.13}{Importing modules and interactive help}{}% 49
\BOOKMARK [0][-]{chapter.14}{Sympy}{}% 50
\BOOKMARK [1][-]{section.14.1}{Expanding, factoring and simplifying expressions}{chapter.14}% 51
\BOOKMARK [1][-]{section.14.2}{Substituting values into expressions}{chapter.14}% 52
\BOOKMARK [1][-]{section.14.3}{Solving equations}{chapter.14}% 53
\BOOKMARK [1][-]{section.14.4}{Solving systems of equations}{chapter.14}% 54
\BOOKMARK [1][-]{section.14.5}{Generating complicated expressions}{chapter.14}% 55
\BOOKMARK [1][-]{section.14.6}{Numerical approximation}{chapter.14}% 56
\BOOKMARK [1][-]{section.14.7}{Symbolic differentiation}{chapter.14}% 57
\BOOKMARK [1][-]{section.14.8}{Symbolic integration}{chapter.14}% 58
\BOOKMARK [1][-]{section.14.9}{Making functions out of expressions}{chapter.14}% 59
\BOOKMARK [0][-]{chapter.15}{Numpy}{}% 60
\BOOKMARK [1][-]{section.15.1}{Arrays}{chapter.15}% 61
\BOOKMARK [1][-]{section.15.2}{Numpy functions}{chapter.15}% 62
\BOOKMARK [1][-]{section.15.3}{Matrices}{chapter.15}% 63
\BOOKMARK [1][-]{section.15.4}{Matrix row/column operations}{chapter.15}% 64
\BOOKMARK [0][-]{chapter.16}{Basic plotting with matplotlib}{}% 65
\BOOKMARK [1][-]{section.16.1}{Basic line plots}{chapter.16}% 66
\BOOKMARK [2][-]{subsection.16.1.1}{Example y=x\1362+2}{section.16.1}% 67
\BOOKMARK [2][-]{subsection.16.1.2}{Example: f\(x\):=\134sin\(x\) + \134frac\1731\175\1732\175\134sin\(4x\)}{section.16.1}% 68
\BOOKMARK [1][-]{section.16.2}{Basic scatter plots}{chapter.16}% 69
\BOOKMARK [1][-]{section.16.3}{Parametric plots}{chapter.16}% 70
\BOOKMARK [1][-]{section.16.4}{Changing the aspect ratio, plot range and size}{chapter.16}% 71
\BOOKMARK [1][-]{section.16.5}{Plotting with sympy}{chapter.16}% 72
\BOOKMARK [1][-]{section.16.6}{Multiple plots on the same axis}{chapter.16}% 73
\BOOKMARK [0][-]{chapter.17}{Curve fitting with sympy from first principles}{}% 74
\BOOKMARK [0][-]{chapter.18}{Curve fitting with numpy}{}% 75
